<?xml version="1.0" encoding="UTF-8"?>
<!-- Generated by org.testng.reporters.JUnitReportReporter -->
<testsuite hostname="LAPTOP-8RPB2MRA" failures="0" tests="1" name="Tester.ConnectDB" time="0.006" errors="0" timestamp="03 Jun 2023 17:03:23 GMT" skipped="0">
  <testcase classname="Tester.ConnectDB" name="test" time="0.006"/>
</testsuite> <!-- Tester.ConnectDB -->
