<?xml version="1.0" encoding="UTF-8"?>
<!-- Generated by org.testng.reporters.JUnitReportReporter -->
<testsuite hostname="LAPTOP-8RPB2MRA" failures="0" tests="4" name="Tester.CheckEnv" time="0.067" errors="0" timestamp="28 May 2023 14:43:58 GMT" skipped="0">
  <testcase classname="Tester.CheckEnv" name="TC_03_Form" time="0.018"/>
  <testcase classname="Tester.CheckEnv" name="TC_01_Url" time="0.008"/>
  <testcase classname="Tester.CheckEnv" name="TC_02_Logo" time="0.041"/>
  <testcase classname="Tester.CheckEnv" name="TC_05_Url" time="0.000"/>
</testsuite> <!-- Tester.CheckEnv -->
