<?xml version="1.0" encoding="UTF-8"?>
<!-- Generated by org.testng.reporters.JUnitReportReporter -->
<testsuite hostname="LAPTOP-8RPB2MRA" failures="0" tests="3" name="Webdriver.CheckEnv" time="0.109" errors="0" timestamp="05 May 2023 16:40:38 GMT" skipped="0">
  <testcase classname="Webdriver.CheckEnv" name="TC_01_Url" time="0.019"/>
  <testcase classname="Webdriver.CheckEnv" name="TC_03_Form" time="0.029"/>
  <testcase classname="Webdriver.CheckEnv" name="TC_02_Logo" time="0.061"/>
</testsuite> <!-- Webdriver.CheckEnv -->
