<?xml version="1.0" encoding="UTF-8"?>
<!-- Generated by org.testng.reporters.JUnitReportReporter -->
<testsuite hostname="LAPTOP-8RPB2MRA" failures="0" tests="1" name="Tester.ConnectDB" time="0.277" errors="0" timestamp="27 Jun 2023 15:47:26 GMT" skipped="0">
  <testcase classname="Tester.ConnectDB" name="test" time="0.277"/>
</testsuite> <!-- Tester.ConnectDB -->
